Mono path[0] = 'E:/Rimworld 1.4.3613 rev641 (Win64)/RimWorldWin64_Data/Managed'
Mono config path = 'E:/Rimworld 1.4.3613 rev641 (Win64)/MonoBleedingEdge/etc'
Initialize engine version: 2019.4.30f1 (e8c891080a1f)
[Subsystems] Discovering subsystems at path E:/Rimworld 1.4.3613 rev641 (Win64)/RimWorldWin64_Data/UnitySubsystems
GfxDevice: creating device client; threaded=1
Direct3D:
    Version:  Direct3D 11.0 [level 11.1]
    Renderer: NVIDIA GeForce GTX 1660 (ID=0x2184)
    Vendor:   
    VRAM:     5980 MB
    Driver:   31.0.15.2756
Begin MonoManager ReloadAssembly
- Completed reload, in  2.881 seconds
<RI> Initializing input.
<RI> Input initialized.
<RI> Initialized touch support.
UnloadTime: 0.847200 ms
[Steamworks.NET] SteamAPI.Init() failed. Possible causes: Steam client not running, launched from outside Steam without steam_appid.txt in place, running with different privileges than Steam client (e.g. "as administrator") 
(Filename: C:\buildslave\unity\build\Runtime/Export/Debug/Debug.bindings.h Line: 39)

RimWorld 1.4.3613 rev641
Unloading 5 Unused Serialized files (Serialized files now loaded: 3)

Unloading 43 unused Assets to reduce memory usage. Loaded Objects now: 19140.
Total: 210.701700 ms (FindLiveObjects: 1.041300 ms CreateObjectMapping: 0.477100 ms MarkObjects: 209.051300 ms  DeleteObjects: 0.131500 ms)

Setting up 6 worker threads for Enlighten.
  Thread -> id: 358c -> priority: 1 
  Thread -> id: 1ee4 -> priority: 1 
  Thread -> id: 3c90 -> priority: 1 
  Thread -> id: 2fd0 -> priority: 1 
  Thread -> id: 1e78 -> priority: 1 
  Thread -> id: 3df8 -> priority: 1 
